

*******************************************************************************
Sun Apr  9 15:52:05 2017


FIT:    data read from 'T_MaxValues' using 1:2
        format = x:z
        #datapoints = 8
        residuals are weighted equally (unit weight)

function used for fitting: mean(x)
	mean(x) = m
fitted parameters initialized with current variable values

iter      chisq       delta/lim  lambda   m            
   0 4.7736373670e+00   0.00e+00  1.00e+00    1.000000e+00
   3 1.5086544914e+00  -4.16e-03  1.00e-03    1.638845e+00

After 3 iterations the fit converged.
final sum of squares of residuals : 1.50865
rel. change during last iteration : -4.16429e-08

degrees of freedom    (FIT_NDF)                        : 7
rms of residuals      (FIT_STDFIT) = sqrt(WSSR/ndf)    : 0.464244
variance of residuals (reduced chisquare) = WSSR/ndf   : 0.215522

Final set of parameters            Asymptotic Standard Error
=======================            ==========================
m               = 1.63884          +/- 0.1641       (10.02%)


*******************************************************************************
Sun Apr  9 15:52:05 2017


FIT:    data read from 'T_MaxValues' using 1:2
        format = x:z
        #datapoints = 8
        residuals are weighted equally (unit weight)

function used for fitting: f1(x)
	f1(x) = a1*exp(-x/b1)
fitted parameters initialized with current variable values

iter      chisq       delta/lim  lambda   a1            b1           
   0 4.4806168836e-01   0.00e+00  1.09e+00    2.000000e+00   1.000000e+03
   4 3.2948505502e-02  -7.21e-04  1.09e-04    2.325592e+00   9.744793e+02

After 4 iterations the fit converged.
final sum of squares of residuals : 0.0329485
rel. change during last iteration : -7.21397e-09

degrees of freedom    (FIT_NDF)                        : 6
rms of residuals      (FIT_STDFIT) = sqrt(WSSR/ndf)    : 0.0741041
variance of residuals (reduced chisquare) = WSSR/ndf   : 0.00549142

Final set of parameters            Asymptotic Standard Error
=======================            ==========================
a1              = 2.32559          +/- 0.05384      (2.315%)
b1              = 974.479          +/- 65.69        (6.741%)

correlation matrix of the fit parameters:
                a1     b1     
a1              1.000 
b1             -0.744  1.000 


*******************************************************************************
Sun Apr  9 16:00:29 2017


FIT:    data read from 'T_MaxValues' using 1:2
        format = x:z
        #datapoints = 8
        residuals are weighted equally (unit weight)

function used for fitting: mean(x)
	mean(x) = m
fitted parameters initialized with current variable values

iter      chisq       delta/lim  lambda   m            
   0 4.7736373670e+00   0.00e+00  1.00e+00    1.000000e+00
   3 1.5086544914e+00  -4.16e-03  1.00e-03    1.638845e+00

After 3 iterations the fit converged.
final sum of squares of residuals : 1.50865
rel. change during last iteration : -4.16429e-08

degrees of freedom    (FIT_NDF)                        : 7
rms of residuals      (FIT_STDFIT) = sqrt(WSSR/ndf)    : 0.464244
variance of residuals (reduced chisquare) = WSSR/ndf   : 0.215522

Final set of parameters            Asymptotic Standard Error
=======================            ==========================
m               = 1.63884          +/- 0.1641       (10.02%)


*******************************************************************************
Sun Apr  9 16:00:29 2017


FIT:    data read from 'T_MaxValues' using 1:2
        format = x:z
        #datapoints = 8
        residuals are weighted equally (unit weight)

function used for fitting: f1(x)
	f1(x) = a1*exp(-x/b1)
fitted parameters initialized with current variable values

iter      chisq       delta/lim  lambda   a1            b1           
   0 4.4806168836e-01   0.00e+00  1.09e+00    2.000000e+00   1.000000e+03
   4 3.2948505502e-02  -7.21e-04  1.09e-04    2.325592e+00   9.744793e+02

After 4 iterations the fit converged.
final sum of squares of residuals : 0.0329485
rel. change during last iteration : -7.21397e-09

degrees of freedom    (FIT_NDF)                        : 6
rms of residuals      (FIT_STDFIT) = sqrt(WSSR/ndf)    : 0.0741041
variance of residuals (reduced chisquare) = WSSR/ndf   : 0.00549142

Final set of parameters            Asymptotic Standard Error
=======================            ==========================
a1              = 2.32559          +/- 0.05384      (2.315%)
b1              = 974.479          +/- 65.69        (6.741%)

correlation matrix of the fit parameters:
                a1     b1     
a1              1.000 
b1             -0.744  1.000 


*******************************************************************************
Sun Apr  9 16:01:14 2017


FIT:    data read from 'T_MaxValues_No900' using 1:2
        format = x:z
        #datapoints = 7
        residuals are weighted equally (unit weight)

function used for fitting: mean(x)
	mean(x) = m
fitted parameters initialized with current variable values

iter      chisq       delta/lim  lambda   m            
   0 4.7388025139e+00   0.00e+00  1.00e+00    1.000000e+00
   3 7.2988078094e-01  -1.75e-02  1.00e-03    1.756771e+00

After 3 iterations the fit converged.
final sum of squares of residuals : 0.729881
rel. change during last iteration : -1.74646e-07

degrees of freedom    (FIT_NDF)                        : 6
rms of residuals      (FIT_STDFIT) = sqrt(WSSR/ndf)    : 0.348779
variance of residuals (reduced chisquare) = WSSR/ndf   : 0.121647

Final set of parameters            Asymptotic Standard Error
=======================            ==========================
m               = 1.75677          +/- 0.1318       (7.504%)


*******************************************************************************
Sun Apr  9 16:01:14 2017


FIT:    data read from 'T_MaxValues_No900' using 1:2
        format = x:z
        #datapoints = 7
        residuals are weighted equally (unit weight)

function used for fitting: f1(x)
	f1(x) = a1*exp(-x/b1)
fitted parameters initialized with current variable values

iter      chisq       delta/lim  lambda   a1            b1           
   0 4.4806164009e-01   0.00e+00  1.13e+00    2.000000e+00   1.000000e+03
   4 1.4108966115e-02  -4.05e-04  1.13e-04    2.289303e+00   1.068150e+03

After 4 iterations the fit converged.
final sum of squares of residuals : 0.014109
rel. change during last iteration : -4.05435e-09

degrees of freedom    (FIT_NDF)                        : 5
rms of residuals      (FIT_STDFIT) = sqrt(WSSR/ndf)    : 0.0531206
variance of residuals (reduced chisquare) = WSSR/ndf   : 0.00282179

Final set of parameters            Asymptotic Standard Error
=======================            ==========================
a1              = 2.2893           +/- 0.04063      (1.775%)
b1              = 1068.15          +/- 68.02        (6.368%)

correlation matrix of the fit parameters:
                a1     b1     
a1              1.000 
b1             -0.774  1.000 
