

*******************************************************************************
Tue Sep 29 23:26:14 2015


FIT:    data read from 'outYoung10' using ((-356,38184+$15)/356,38184):16
        format = x:z
        #datapoints = 40
        residuals are weighted equally (unit weight)

function used for fitting: f1(x)
fitted parameters initialized with current variable values



 Iteration 0
 WSSR        : 5.83207e+12       delta(WSSR)/WSSR   : 0
 delta(WSSR) : 0                 limit for stopping : 1e-05
 lambda	  : 38184

initial set of free parameter values

a1              = 10

After 4 iterations the fit converged.
final sum of squares of residuals : 0.496777
rel. change during last iteration : -2.72668e-09

degrees of freedom    (FIT_NDF)                        : 39
rms of residuals      (FIT_STDFIT) = sqrt(WSSR/ndf)    : 0.112862
variance of residuals (reduced chisquare) = WSSR/ndf   : 0.0127379

Final set of parameters            Asymptotic Standard Error
=======================            ==========================

a1              = 5.44134e-06      +/- 4.673e-07    (8.589%)


correlation matrix of the fit parameters:

               a1     
a1              1.000 


*******************************************************************************
Tue Sep 29 23:26:14 2015


FIT:    data read from 'outYoung100' using ((-356,62321+$15)/356,62321):16
        format = x:z
        #datapoints = 40
        residuals are weighted equally (unit weight)

function used for fitting: f2(x)
fitted parameters initialized with current variable values



 Iteration 0
 WSSR        : 1.55356e+13       delta(WSSR)/WSSR   : 0
 delta(WSSR) : 0                 limit for stopping : 1e-05
 lambda	  : 62321

initial set of free parameter values

a2              = 10

After 4 iterations the fit converged.
final sum of squares of residuals : 0.457011
rel. change during last iteration : -7.89542e-09

degrees of freedom    (FIT_NDF)                        : 39
rms of residuals      (FIT_STDFIT) = sqrt(WSSR/ndf)    : 0.108251
variance of residuals (reduced chisquare) = WSSR/ndf   : 0.0117182

Final set of parameters            Asymptotic Standard Error
=======================            ==========================

a2              = 3.17837e-06      +/- 2.746e-07    (8.641%)


correlation matrix of the fit parameters:

               a2     
a2              1.000 


*******************************************************************************
Tue Sep 29 23:26:14 2015


FIT:    data read from 'outYoung200' using ((-356,95703+$15)/356,95703):16
        format = x:z
        #datapoints = 40
        residuals are weighted equally (unit weight)

function used for fitting: f3(x)
fitted parameters initialized with current variable values



 Iteration 0
 WSSR        : 3.66362e+13       delta(WSSR)/WSSR   : 0
 delta(WSSR) : 0                 limit for stopping : 1e-05
 lambda	  : 95703

initial set of free parameter values

a3              = 10

After 4 iterations the fit converged.
final sum of squares of residuals : 0.387751
rel. change during last iteration : -2.19448e-08

degrees of freedom    (FIT_NDF)                        : 39
rms of residuals      (FIT_STDFIT) = sqrt(WSSR/ndf)    : 0.0997112
variance of residuals (reduced chisquare) = WSSR/ndf   : 0.00994233

Final set of parameters            Asymptotic Standard Error
=======================            ==========================

a3              = 1.92976e-06      +/- 1.647e-07    (8.537%)


correlation matrix of the fit parameters:

               a3     
a3              1.000 


*******************************************************************************
Tue Sep 29 23:26:14 2015


FIT:    data read from 'outYoung300' using ((-357,315+$15)/357,315):16
        format = x:z
        #datapoints = 40
        residuals are weighted equally (unit weight)

function used for fitting: f4(x)
fitted parameters initialized with current variable values



 Iteration 0
 WSSR        : 3.96857e+08       delta(WSSR)/WSSR   : 0
 delta(WSSR) : 0                 limit for stopping : 1e-05
 lambda	  : 315

initial set of free parameter values

a4              = 10

After 4 iterations the fit converged.
final sum of squares of residuals : 0.363096
rel. change during last iteration : -2.53786e-13

degrees of freedom    (FIT_NDF)                        : 39
rms of residuals      (FIT_STDFIT) = sqrt(WSSR/ndf)    : 0.0964891
variance of residuals (reduced chisquare) = WSSR/ndf   : 0.00931015

Final set of parameters            Asymptotic Standard Error
=======================            ==========================

a4              = 0.000546392      +/- 4.843e-05    (8.864%)


correlation matrix of the fit parameters:

               a4     
a4              1.000 


*******************************************************************************
Tue Sep 29 23:26:14 2015


FIT:    data read from 'outYoung400' using ((-357,6421+$15)/357,6421):16
        format = x:z
        #datapoints = 40
        residuals are weighted equally (unit weight)

function used for fitting: f5(x)
fitted parameters initialized with current variable values



 Iteration 0
 WSSR        : 1.64916e+11       delta(WSSR)/WSSR   : 0
 delta(WSSR) : 0                 limit for stopping : 1e-05
 lambda	  : 6421

initial set of free parameter values

a5              = 10

After 4 iterations the fit converged.
final sum of squares of residuals : 0.320694
rel. change during last iteration : -1.19439e-10

degrees of freedom    (FIT_NDF)                        : 39
rms of residuals      (FIT_STDFIT) = sqrt(WSSR/ndf)    : 0.0906803
variance of residuals (reduced chisquare) = WSSR/ndf   : 0.00822292

Final set of parameters            Asymptotic Standard Error
=======================            ==========================

a5              = 2.68043e-05      +/- 2.233e-06    (8.331%)


correlation matrix of the fit parameters:

               a5     
a5              1.000 


*******************************************************************************
Tue Sep 29 23:26:14 2015


FIT:    data read from 'outYoung500' using ((-357,99511+$15)/357,99511):16
        format = x:z
        #datapoints = 40
        residuals are weighted equally (unit weight)

function used for fitting: f6(x)
fitted parameters initialized with current variable values



 Iteration 0
 WSSR        : 3.96097e+13       delta(WSSR)/WSSR   : 0
 delta(WSSR) : 0                 limit for stopping : 1e-05
 lambda	  : 99511

initial set of free parameter values

a6              = 10

After 4 iterations the fit converged.
final sum of squares of residuals : 0.270663
rel. change during last iteration : -3.39896e-08

degrees of freedom    (FIT_NDF)                        : 39
rms of residuals      (FIT_STDFIT) = sqrt(WSSR/ndf)    : 0.0833071
variance of residuals (reduced chisquare) = WSSR/ndf   : 0.00694007

Final set of parameters            Asymptotic Standard Error
=======================            ==========================

a6              = 1.61745e-06      +/- 1.324e-07    (8.184%)


correlation matrix of the fit parameters:

               a6     
a6              1.000 


*******************************************************************************
Tue Sep 29 23:26:14 2015


FIT:    data read from 'outYoung600' using ((-358,41907+$15)/358,41907):16
        format = x:z
        #datapoints = 40
        residuals are weighted equally (unit weight)

function used for fitting: f7(x)
fitted parameters initialized with current variable values



 Iteration 0
 WSSR        : 7.02478e+12       delta(WSSR)/WSSR   : 0
 delta(WSSR) : 0                 limit for stopping : 1e-05
 lambda	  : 41907

initial set of free parameter values

a7              = 10

After 4 iterations the fit converged.
final sum of squares of residuals : 0.242458
rel. change during last iteration : -6.72929e-09

degrees of freedom    (FIT_NDF)                        : 39
rms of residuals      (FIT_STDFIT) = sqrt(WSSR/ndf)    : 0.0788471
variance of residuals (reduced chisquare) = WSSR/ndf   : 0.00621687

Final set of parameters            Asymptotic Standard Error
=======================            ==========================

a7              = 3.50765e-06      +/- 2.975e-07    (8.481%)


correlation matrix of the fit parameters:

               a7     
a7              1.000 


*******************************************************************************
Tue Sep 29 23:26:14 2015


FIT:    data read from 'outYoung900' using ((-359,53544+$15)/359,53544):16
        format = x:z
        #datapoints = 40
        residuals are weighted equally (unit weight)

function used for fitting: f8(x)
fitted parameters initialized with current variable values



 Iteration 0
 WSSR        : 1.14678e+13       delta(WSSR)/WSSR   : 0
 delta(WSSR) : 0                 limit for stopping : 1e-05
 lambda	  : 53544

initial set of free parameter values

a8              = 10

After 4 iterations the fit converged.
final sum of squares of residuals : 0.114217
rel. change during last iteration : -2.33197e-08

degrees of freedom    (FIT_NDF)                        : 39
rms of residuals      (FIT_STDFIT) = sqrt(WSSR/ndf)    : 0.054117
variance of residuals (reduced chisquare) = WSSR/ndf   : 0.00292865

Final set of parameters            Asymptotic Standard Error
=======================            ==========================

a8              = 2.52325e-06      +/- 1.598e-07    (6.333%)


correlation matrix of the fit parameters:

               a8     
a8              1.000 


*******************************************************************************
Tue Sep 29 23:34:54 2015


FIT:    data read from 'outYoung10' using ((-356,38184+$15)/356,38184):($16)
        format = x:z
        #datapoints = 40
        residuals are weighted equally (unit weight)

function used for fitting: f1(x)
fitted parameters initialized with current variable values



 Iteration 0
 WSSR        : 5.83207e+12       delta(WSSR)/WSSR   : 0
 delta(WSSR) : 0                 limit for stopping : 1e-05
 lambda	  : 38184

initial set of free parameter values

a1              = 10

After 4 iterations the fit converged.
final sum of squares of residuals : 0.496777
rel. change during last iteration : -2.72668e-09

degrees of freedom    (FIT_NDF)                        : 39
rms of residuals      (FIT_STDFIT) = sqrt(WSSR/ndf)    : 0.112862
variance of residuals (reduced chisquare) = WSSR/ndf   : 0.0127379

Final set of parameters            Asymptotic Standard Error
=======================            ==========================

a1              = 5.44134e-06      +/- 4.673e-07    (8.589%)


correlation matrix of the fit parameters:

               a1     
a1              1.000 


*******************************************************************************
Tue Sep 29 23:34:54 2015


FIT:    data read from 'outYoung100' using ((-356,62321+$15)/356,62321):($16)
        format = x:z
        #datapoints = 40
        residuals are weighted equally (unit weight)

function used for fitting: f2(x)
fitted parameters initialized with current variable values



 Iteration 0
 WSSR        : 1.55356e+13       delta(WSSR)/WSSR   : 0
 delta(WSSR) : 0                 limit for stopping : 1e-05
 lambda	  : 62321

initial set of free parameter values

a2              = 10

After 4 iterations the fit converged.
final sum of squares of residuals : 0.457011
rel. change during last iteration : -7.89542e-09

degrees of freedom    (FIT_NDF)                        : 39
rms of residuals      (FIT_STDFIT) = sqrt(WSSR/ndf)    : 0.108251
variance of residuals (reduced chisquare) = WSSR/ndf   : 0.0117182

Final set of parameters            Asymptotic Standard Error
=======================            ==========================

a2              = 3.17837e-06      +/- 2.746e-07    (8.641%)


correlation matrix of the fit parameters:

               a2     
a2              1.000 


*******************************************************************************
Tue Sep 29 23:34:54 2015


FIT:    data read from 'outYoung200' using ((-356,95703+$15)/356,95703):($16)
        format = x:z
        #datapoints = 40
        residuals are weighted equally (unit weight)

function used for fitting: f3(x)
fitted parameters initialized with current variable values



 Iteration 0
 WSSR        : 3.66362e+13       delta(WSSR)/WSSR   : 0
 delta(WSSR) : 0                 limit for stopping : 1e-05
 lambda	  : 95703

initial set of free parameter values

a3              = 10

After 4 iterations the fit converged.
final sum of squares of residuals : 0.387751
rel. change during last iteration : -2.19448e-08

degrees of freedom    (FIT_NDF)                        : 39
rms of residuals      (FIT_STDFIT) = sqrt(WSSR/ndf)    : 0.0997112
variance of residuals (reduced chisquare) = WSSR/ndf   : 0.00994233

Final set of parameters            Asymptotic Standard Error
=======================            ==========================

a3              = 1.92976e-06      +/- 1.647e-07    (8.537%)


correlation matrix of the fit parameters:

               a3     
a3              1.000 


*******************************************************************************
Tue Sep 29 23:34:54 2015


FIT:    data read from 'outYoung300' using ((-357,315+$15)/357,315):($16)
        format = x:z
        #datapoints = 40
        residuals are weighted equally (unit weight)

function used for fitting: f4(x)
fitted parameters initialized with current variable values



 Iteration 0
 WSSR        : 3.96857e+08       delta(WSSR)/WSSR   : 0
 delta(WSSR) : 0                 limit for stopping : 1e-05
 lambda	  : 315

initial set of free parameter values

a4              = 10

After 4 iterations the fit converged.
final sum of squares of residuals : 0.363096
rel. change during last iteration : -2.53786e-13

degrees of freedom    (FIT_NDF)                        : 39
rms of residuals      (FIT_STDFIT) = sqrt(WSSR/ndf)    : 0.0964891
variance of residuals (reduced chisquare) = WSSR/ndf   : 0.00931015

Final set of parameters            Asymptotic Standard Error
=======================            ==========================

a4              = 0.000546392      +/- 4.843e-05    (8.864%)


correlation matrix of the fit parameters:

               a4     
a4              1.000 


*******************************************************************************
Tue Sep 29 23:34:54 2015


FIT:    data read from 'outYoung400' using ((-357,6421+$15)/357,6421):($16)
        format = x:z
        #datapoints = 40
        residuals are weighted equally (unit weight)

function used for fitting: f5(x)
fitted parameters initialized with current variable values



 Iteration 0
 WSSR        : 1.64916e+11       delta(WSSR)/WSSR   : 0
 delta(WSSR) : 0                 limit for stopping : 1e-05
 lambda	  : 6421

initial set of free parameter values

a5              = 10

After 4 iterations the fit converged.
final sum of squares of residuals : 0.320694
rel. change during last iteration : -1.19439e-10

degrees of freedom    (FIT_NDF)                        : 39
rms of residuals      (FIT_STDFIT) = sqrt(WSSR/ndf)    : 0.0906803
variance of residuals (reduced chisquare) = WSSR/ndf   : 0.00822292

Final set of parameters            Asymptotic Standard Error
=======================            ==========================

a5              = 2.68043e-05      +/- 2.233e-06    (8.331%)


correlation matrix of the fit parameters:

               a5     
a5              1.000 


*******************************************************************************
Tue Sep 29 23:34:54 2015


FIT:    data read from 'outYoung500' using ((-357,99511+$15)/357,99511):($16)
        format = x:z
        #datapoints = 40
        residuals are weighted equally (unit weight)

function used for fitting: f6(x)
fitted parameters initialized with current variable values



 Iteration 0
 WSSR        : 3.96097e+13       delta(WSSR)/WSSR   : 0
 delta(WSSR) : 0                 limit for stopping : 1e-05
 lambda	  : 99511

initial set of free parameter values

a6              = 10

After 4 iterations the fit converged.
final sum of squares of residuals : 0.270663
rel. change during last iteration : -3.39896e-08

degrees of freedom    (FIT_NDF)                        : 39
rms of residuals      (FIT_STDFIT) = sqrt(WSSR/ndf)    : 0.0833071
variance of residuals (reduced chisquare) = WSSR/ndf   : 0.00694007

Final set of parameters            Asymptotic Standard Error
=======================            ==========================

a6              = 1.61745e-06      +/- 1.324e-07    (8.184%)


correlation matrix of the fit parameters:

               a6     
a6              1.000 


*******************************************************************************
Tue Sep 29 23:34:54 2015


FIT:    data read from 'outYoung600' using ((-358,41907+$15)/358,41907):($16)
        format = x:z
        #datapoints = 40
        residuals are weighted equally (unit weight)

function used for fitting: f7(x)
fitted parameters initialized with current variable values



 Iteration 0
 WSSR        : 7.02478e+12       delta(WSSR)/WSSR   : 0
 delta(WSSR) : 0                 limit for stopping : 1e-05
 lambda	  : 41907

initial set of free parameter values

a7              = 10

After 4 iterations the fit converged.
final sum of squares of residuals : 0.242458
rel. change during last iteration : -6.72929e-09

degrees of freedom    (FIT_NDF)                        : 39
rms of residuals      (FIT_STDFIT) = sqrt(WSSR/ndf)    : 0.0788471
variance of residuals (reduced chisquare) = WSSR/ndf   : 0.00621687

Final set of parameters            Asymptotic Standard Error
=======================            ==========================

a7              = 3.50765e-06      +/- 2.975e-07    (8.481%)


correlation matrix of the fit parameters:

               a7     
a7              1.000 


*******************************************************************************
Tue Sep 29 23:34:54 2015


FIT:    data read from 'outYoung900' using ((-359,53544+$15)/359,53544):($16)
        format = x:z
        #datapoints = 40
        residuals are weighted equally (unit weight)

function used for fitting: f8(x)
fitted parameters initialized with current variable values



 Iteration 0
 WSSR        : 1.14678e+13       delta(WSSR)/WSSR   : 0
 delta(WSSR) : 0                 limit for stopping : 1e-05
 lambda	  : 53544

initial set of free parameter values

a8              = 10

After 4 iterations the fit converged.
final sum of squares of residuals : 0.114217
rel. change during last iteration : -2.33197e-08

degrees of freedom    (FIT_NDF)                        : 39
rms of residuals      (FIT_STDFIT) = sqrt(WSSR/ndf)    : 0.054117
variance of residuals (reduced chisquare) = WSSR/ndf   : 0.00292865

Final set of parameters            Asymptotic Standard Error
=======================            ==========================

a8              = 2.52325e-06      +/- 1.598e-07    (6.333%)


correlation matrix of the fit parameters:

               a8     
a8              1.000 


*******************************************************************************
Tue Sep 29 23:36:08 2015


FIT:    data read from 'outYoung10' using ((-356.38184+$15)/356.38184):($16)
        format = x:z
        #datapoints = 40
        residuals are weighted equally (unit weight)

function used for fitting: f1(x)
fitted parameters initialized with current variable values



 Iteration 0
 WSSR        : 3.15959           delta(WSSR)/WSSR   : 0
 delta(WSSR) : 0                 limit for stopping : 1e-05
 lambda	  : 0.00453212

initial set of free parameter values

a1              = 10

After 3 iterations the fit converged.
final sum of squares of residuals : 0.00500212
rel. change during last iteration : -2.3436e-08

degrees of freedom    (FIT_NDF)                        : 39
rms of residuals      (FIT_STDFIT) = sqrt(WSSR/ndf)    : 0.0113252
variance of residuals (reduced chisquare) = WSSR/ndf   : 0.000128259

Final set of parameters            Asymptotic Standard Error
=======================            ==========================

a1              = -51.9641         +/- 0.3951       (0.7603%)


correlation matrix of the fit parameters:

               a1     
a1              1.000 


*******************************************************************************
Tue Sep 29 23:36:08 2015


FIT:    data read from 'outYoung100' using ((-356.62321+$15)/356.62321):($16)
        format = x:z
        #datapoints = 40
        residuals are weighted equally (unit weight)

function used for fitting: f2(x)
fitted parameters initialized with current variable values



 Iteration 0
 WSSR        : 2.92354           delta(WSSR)/WSSR   : 0
 delta(WSSR) : 0                 limit for stopping : 1e-05
 lambda	  : 0.0045321

initial set of free parameter values

a2              = 10

After 3 iterations the fit converged.
final sum of squares of residuals : 0.00551829
rel. change during last iteration : -1.96507e-08

degrees of freedom    (FIT_NDF)                        : 39
rms of residuals      (FIT_STDFIT) = sqrt(WSSR/ndf)    : 0.0118952
variance of residuals (reduced chisquare) = WSSR/ndf   : 0.000141495

Final set of parameters            Asymptotic Standard Error
=======================            ==========================

a2              = -49.5956         +/- 0.415        (0.8368%)


correlation matrix of the fit parameters:

               a2     
a2              1.000 


*******************************************************************************
Tue Sep 29 23:36:08 2015


FIT:    data read from 'outYoung200' using ((-356.95703+$15)/356.95703):($16)
        format = x:z
        #datapoints = 40
        residuals are weighted equally (unit weight)

function used for fitting: f3(x)
fitted parameters initialized with current variable values



 Iteration 0
 WSSR        : 2.59166           delta(WSSR)/WSSR   : 0
 delta(WSSR) : 0                 limit for stopping : 1e-05
 lambda	  : 0.00453212

initial set of free parameter values

a3              = 10

After 3 iterations the fit converged.
final sum of squares of residuals : 0.00644053
rel. change during last iteration : -1.49167e-08

degrees of freedom    (FIT_NDF)                        : 39
rms of residuals      (FIT_STDFIT) = sqrt(WSSR/ndf)    : 0.0128507
variance of residuals (reduced chisquare) = WSSR/ndf   : 0.000165142

Final set of parameters            Asymptotic Standard Error
=======================            ==========================

a3              = -46.0942         +/- 0.4483       (0.9726%)


correlation matrix of the fit parameters:

               a3     
a3              1.000 


*******************************************************************************
Tue Sep 29 23:36:08 2015


FIT:    data read from 'outYoung300' using ((-357.315+$15)/357.315):($16)
        format = x:z
        #datapoints = 40
        residuals are weighted equally (unit weight)

function used for fitting: f4(x)
fitted parameters initialized with current variable values



 Iteration 0
 WSSR        : 2.34207           delta(WSSR)/WSSR   : 0
 delta(WSSR) : 0                 limit for stopping : 1e-05
 lambda	  : 0.00453212

initial set of free parameter values

a4              = 10

After 3 iterations the fit converged.
final sum of squares of residuals : 0.00595594
rel. change during last iteration : -1.4576e-08

degrees of freedom    (FIT_NDF)                        : 39
rms of residuals      (FIT_STDFIT) = sqrt(WSSR/ndf)    : 0.0123579
variance of residuals (reduced chisquare) = WSSR/ndf   : 0.000152716

Final set of parameters            Asymptotic Standard Error
=======================            ==========================

a4              = -43.3231         +/- 0.4311       (0.9952%)


correlation matrix of the fit parameters:

               a4     
a4              1.000 


*******************************************************************************
Tue Sep 29 23:36:08 2015


FIT:    data read from 'outYoung400' using ((-357.6421+$15)/357.6421):($16)
        format = x:z
        #datapoints = 40
        residuals are weighted equally (unit weight)

function used for fitting: f5(x)
fitted parameters initialized with current variable values



 Iteration 0
 WSSR        : 2.28887           delta(WSSR)/WSSR   : 0
 delta(WSSR) : 0                 limit for stopping : 1e-05
 lambda	  : 0.0045321

initial set of free parameter values

a5              = 10

After 3 iterations the fit converged.
final sum of squares of residuals : 0.00973322
rel. change during last iteration : -8.70179e-09

degrees of freedom    (FIT_NDF)                        : 39
rms of residuals      (FIT_STDFIT) = sqrt(WSSR/ndf)    : 0.0157978
variance of residuals (reduced chisquare) = WSSR/ndf   : 0.00024957

Final set of parameters            Asymptotic Standard Error
=======================            ==========================

a5              = -42.669          +/- 0.5511       (1.292%)


correlation matrix of the fit parameters:

               a5     
a5              1.000 


*******************************************************************************
Tue Sep 29 23:36:08 2015


FIT:    data read from 'outYoung500' using ((-357.99511+$15)/357.99511):($16)
        format = x:z
        #datapoints = 40
        residuals are weighted equally (unit weight)

function used for fitting: f6(x)
fitted parameters initialized with current variable values



 Iteration 0
 WSSR        : 2.04166           delta(WSSR)/WSSR   : 0
 delta(WSSR) : 0                 limit for stopping : 1e-05
 lambda	  : 0.00453212

initial set of free parameter values

a6              = 10

After 3 iterations the fit converged.
final sum of squares of residuals : 0.0110195
rel. change during last iteration : -6.84803e-09

degrees of freedom    (FIT_NDF)                        : 39
rms of residuals      (FIT_STDFIT) = sqrt(WSSR/ndf)    : 0.0168093
variance of residuals (reduced chisquare) = WSSR/ndf   : 0.000282552

Final set of parameters            Asymptotic Standard Error
=======================            ==========================

a6              = -39.7148         +/- 0.5864       (1.477%)


correlation matrix of the fit parameters:

               a6     
a6              1.000 


*******************************************************************************
Tue Sep 29 23:36:08 2015


FIT:    data read from 'outYoung600' using ((-358.41907+$15)/358.41907):($16)
        format = x:z
        #datapoints = 40
        residuals are weighted equally (unit weight)

function used for fitting: f7(x)
fitted parameters initialized with current variable values



 Iteration 0
 WSSR        : 1.78856           delta(WSSR)/WSSR   : 0
 delta(WSSR) : 0                 limit for stopping : 1e-05
 lambda	  : 0.00453212

initial set of free parameter values

a7              = 10

After 3 iterations the fit converged.
final sum of squares of residuals : 0.0126395
rel. change during last iteration : -5.22144e-09

degrees of freedom    (FIT_NDF)                        : 39
rms of residuals      (FIT_STDFIT) = sqrt(WSSR/ndf)    : 0.0180025
variance of residuals (reduced chisquare) = WSSR/ndf   : 0.000324089

Final set of parameters            Asymptotic Standard Error
=======================            ==========================

a7              = -36.4923         +/- 0.6281       (1.721%)


correlation matrix of the fit parameters:

               a7     
a7              1.000 


*******************************************************************************
Tue Sep 29 23:36:08 2015


FIT:    data read from 'outYoung900' using ((-359.53544+$15)/359.53544):($16)
        format = x:z
        #datapoints = 40
        residuals are weighted equally (unit weight)

function used for fitting: f8(x)
fitted parameters initialized with current variable values



 Iteration 0
 WSSR        : 1.44239           delta(WSSR)/WSSR   : 0
 delta(WSSR) : 0                 limit for stopping : 1e-05
 lambda	  : 0.00453211

initial set of free parameter values

a8              = 10

After 3 iterations the fit converged.
final sum of squares of residuals : 0.0345607
rel. change during last iteration : -1.51378e-09

degrees of freedom    (FIT_NDF)                        : 39
rms of residuals      (FIT_STDFIT) = sqrt(WSSR/ndf)    : 0.0297686
variance of residuals (reduced chisquare) = WSSR/ndf   : 0.000886172

Final set of parameters            Asymptotic Standard Error
=======================            ==========================

a8              = -31.3947         +/- 1.039        (3.308%)


correlation matrix of the fit parameters:

               a8     
a8              1.000 


*******************************************************************************
Sun Apr  9 15:43:53 2017


FIT:    data read from 'C_YoungValues' using 1:2
        format = x:z
        #datapoints = 8
        residuals are weighted equally (unit weight)

function used for fitting: mean(x)
	mean(x) = m
fitted parameters initialized with current variable values

iter      chisq       delta/lim  lambda   m            
   0 1.4202285943e+04   0.00e+00  1.00e+00    1.000000e+00
   3 3.2052391724e+02  -8.33e-02  1.00e-03    4.265597e+01

After 3 iterations the fit converged.
final sum of squares of residuals : 320.524
rel. change during last iteration : -8.33363e-07

degrees of freedom    (FIT_NDF)                        : 7
rms of residuals      (FIT_STDFIT) = sqrt(WSSR/ndf)    : 6.76677
variance of residuals (reduced chisquare) = WSSR/ndf   : 45.7891

Final set of parameters            Asymptotic Standard Error
=======================            ==========================
m               = 42.656           +/- 2.392        (5.609%)


*******************************************************************************
Sun Apr  9 15:43:53 2017


FIT:    data read from 'C_YoungValues' using 1:2
        format = x:z
        #datapoints = 8
        residuals are weighted equally (unit weight)

function used for fitting: f1(x)
	f1(x) = a1*exp(-x/b1)
fitted parameters initialized with current variable values

iter      chisq       delta/lim  lambda   a1            b1           
   0 1.3887436812e+04   0.00e+00  1.09e+00    2.000000e+00   1.000000e+03
  36 2.5634748299e+00  -3.34e-01  1.09e-04    5.219331e+01   1.764209e+03

After 36 iterations the fit converged.
final sum of squares of residuals : 2.56347
rel. change during last iteration : -3.34367e-06

degrees of freedom    (FIT_NDF)                        : 6
rms of residuals      (FIT_STDFIT) = sqrt(WSSR/ndf)    : 0.65364
variance of residuals (reduced chisquare) = WSSR/ndf   : 0.427246

Final set of parameters            Asymptotic Standard Error
=======================            ==========================
a1              = 52.1933          +/- 0.4408       (0.8446%)
b1              = 1764.21          +/- 67.78        (3.842%)

correlation matrix of the fit parameters:
                a1     b1     
a1              1.000 
b1             -0.773  1.000 


*******************************************************************************
Sun Apr  9 15:44:29 2017


FIT:    data read from 'C_YoungValues_No900' using 1:2
        format = x:z
        #datapoints = 7
        residuals are weighted equally (unit weight)

function used for fitting: mean(x)
	mean(x) = m
fitted parameters initialized with current variable values

iter      chisq       delta/lim  lambda   m            
   0 1.3278448155e+04   0.00e+00  1.00e+00    1.000000e+00
   3 1.7559098623e+02  -2.37e-01  1.00e-03    4.426473e+01

After 3 iterations the fit converged.
final sum of squares of residuals : 175.591
rel. change during last iteration : -2.37273e-06

degrees of freedom    (FIT_NDF)                        : 6
rms of residuals      (FIT_STDFIT) = sqrt(WSSR/ndf)    : 5.40973
variance of residuals (reduced chisquare) = WSSR/ndf   : 29.2652

Final set of parameters            Asymptotic Standard Error
=======================            ==========================
m               = 44.2647          +/- 2.045        (4.619%)


*******************************************************************************
Sun Apr  9 15:44:29 2017


FIT:    data read from 'C_YoungValues_No900' using 1:2
        format = x:z
        #datapoints = 7
        residuals are weighted equally (unit weight)

function used for fitting: f1(x)
	f1(x) = a1*exp(-x/b1)
fitted parameters initialized with current variable values

iter      chisq       delta/lim  lambda   a1            b1           
   0 1.2952204958e+04   0.00e+00  1.13e+00    2.000000e+00   1.000000e+03
   7 2.5574108206e+00  -1.56e-03  1.13e-04    5.221617e+01   1.757380e+03

After 7 iterations the fit converged.
final sum of squares of residuals : 2.55741
rel. change during last iteration : -1.55681e-08

degrees of freedom    (FIT_NDF)                        : 5
rms of residuals      (FIT_STDFIT) = sqrt(WSSR/ndf)    : 0.71518
variance of residuals (reduced chisquare) = WSSR/ndf   : 0.511482

Final set of parameters            Asymptotic Standard Error
=======================            ==========================
a1              = 52.2162          +/- 0.5263       (1.008%)
b1              = 1757.38          +/- 96.6         (5.497%)

correlation matrix of the fit parameters:
                a1     b1     
a1              1.000 
b1             -0.798  1.000 


*******************************************************************************
Sun Apr  9 15:53:47 2017


FIT:    data read from 'C_YoungValues_No900' using 1:2
        format = x:z
        #datapoints = 7
        residuals are weighted equally (unit weight)

function used for fitting: mean(x)
	mean(x) = m
fitted parameters initialized with current variable values

iter      chisq       delta/lim  lambda   m            
   0 1.3278448155e+04   0.00e+00  1.00e+00    1.000000e+00
   3 1.7559098623e+02  -2.37e-01  1.00e-03    4.426473e+01

After 3 iterations the fit converged.
final sum of squares of residuals : 175.591
rel. change during last iteration : -2.37273e-06

degrees of freedom    (FIT_NDF)                        : 6
rms of residuals      (FIT_STDFIT) = sqrt(WSSR/ndf)    : 5.40973
variance of residuals (reduced chisquare) = WSSR/ndf   : 29.2652

Final set of parameters            Asymptotic Standard Error
=======================            ==========================
m               = 44.2647          +/- 2.045        (4.619%)


*******************************************************************************
Sun Apr  9 15:53:47 2017


FIT:    data read from 'C_YoungValues_No900' using 1:2
        format = x:z
        #datapoints = 7
        residuals are weighted equally (unit weight)

function used for fitting: f1(x)
	f1(x) = a1*exp(-x/b1)
fitted parameters initialized with current variable values

iter      chisq       delta/lim  lambda   a1            b1           
   0 1.2952204958e+04   0.00e+00  1.13e+00    2.000000e+00   1.000000e+03
   7 2.5574108206e+00  -1.56e-03  1.13e-04    5.221617e+01   1.757380e+03

After 7 iterations the fit converged.
final sum of squares of residuals : 2.55741
rel. change during last iteration : -1.55681e-08

degrees of freedom    (FIT_NDF)                        : 5
rms of residuals      (FIT_STDFIT) = sqrt(WSSR/ndf)    : 0.71518
variance of residuals (reduced chisquare) = WSSR/ndf   : 0.511482

Final set of parameters            Asymptotic Standard Error
=======================            ==========================
a1              = 52.2162          +/- 0.5263       (1.008%)
b1              = 1757.38          +/- 96.6         (5.497%)

correlation matrix of the fit parameters:
                a1     b1     
a1              1.000 
b1             -0.798  1.000 
